{"G:\\builder-webpack\\lib\\webpack.base.js":{"path":"G:\\builder-webpack\\lib\\webpack.base.js","s":{"1":1,"2":1,"3":1,"4":1,"5":1,"6":1,"7":1,"8":1,"9":1,"10":1,"11":1,"12":1,"13":1,"14":2,"15":2,"16":2,"17":2,"18":2,"19":1,"20":1,"21":1,"22":0,"23":0,"24":0,"25":0},"b":{"1":[2,2],"2":[0,0],"3":[0,0,0]},"f":{"1":0},"fnMap":{"1":{"name":"errorPlugin","line":124,"loc":{"start":{"line":124,"column":2},"end":{"line":124,"column":25}}}},"statementMap":{"1":{"start":{"line":1,"column":0},"end":{"line":1,"column":28}},"2":{"start":{"line":2,"column":0},"end":{"line":2,"column":28}},"3":{"start":{"line":3,"column":0},"end":{"line":3,"column":44}},"4":{"start":{"line":4,"column":0},"end":{"line":4,"column":77}},"5":{"start":{"line":5,"column":0},"end":{"line":5,"column":56}},"6":{"start":{"line":6,"column":0},"end":{"line":6,"column":62}},"7":{"start":{"line":7,"column":0},"end":{"line":7,"column":63}},"8":{"start":{"line":9,"column":0},"end":{"line":9,"column":33}},"9":{"start":{"line":11,"column":0},"end":{"line":45,"column":1}},"10":{"start":{"line":12,"column":1},"end":{"line":12,"column":17}},"11":{"start":{"line":13,"column":1},"end":{"line":13,"column":30}},"12":{"start":{"line":14,"column":1},"end":{"line":14,"column":73}},"13":{"start":{"line":15,"column":1},"end":{"line":40,"column":3}},"14":{"start":{"line":16,"column":2},"end":{"line":16,"column":37}},"15":{"start":{"line":17,"column":2},"end":{"line":17,"column":55}},"16":{"start":{"line":18,"column":2},"end":{"line":18,"column":36}},"17":{"start":{"line":19,"column":2},"end":{"line":19,"column":29}},"18":{"start":{"line":20,"column":2},"end":{"line":39,"column":3}},"19":{"start":{"line":41,"column":1},"end":{"line":44,"column":2}},"20":{"start":{"line":47,"column":0},"end":{"line":47,"column":46}},"21":{"start":{"line":49,"column":0},"end":{"line":137,"column":1}},"22":{"start":{"line":78,"column":22},"end":{"line":82,"column":8}},"23":{"start":{"line":125,"column":3},"end":{"line":133,"column":5}},"24":{"start":{"line":126,"column":4},"end":{"line":132,"column":5}},"25":{"start":{"line":131,"column":5},"end":{"line":131,"column":20}}},"branchMap":{"1":{"line":18,"type":"binary-expr","locations":[{"start":{"line":18,"column":19},"end":{"line":18,"column":24}},{"start":{"line":18,"column":28},"end":{"line":18,"column":36}}]},"2":{"line":126,"type":"if","locations":[{"start":{"line":126,"column":4},"end":{"line":126,"column":4}},{"start":{"line":126,"column":4},"end":{"line":126,"column":4}}]},"3":{"line":127,"type":"binary-expr","locations":[{"start":{"line":127,"column":5},"end":{"line":127,"column":29}},{"start":{"line":128,"column":5},"end":{"line":128,"column":36}},{"start":{"line":129,"column":5},"end":{"line":129,"column":43}}]}}}}